# JRE version: Java(TM) SE Runtime Environment (12.0.1+12) (build 12.0.1+12)
# Java VM: Java HotSpot(TM) 64-Bit Server VM (12.0.1+12, mixed mode, sharing, tiered, compressed oops, g1 gc, windows-amd64)
Heap:
 garbage-first heap   total 133120K, used 45929K [0x0000000081c00000, 0x0000000100000000)
  region size 1024K, 12 young (12288K), 1 survivors (1024K)
 Metaspace       used 25209K, capacity 25803K, committed 25984K, reserved 1073152K
  class space    used 2954K, capacity 3169K, committed 3200K, reserved 1048576K
GC Heap History (10 events):
Event: 2.221 GC heap before
{Heap before GC invocations=6 (full 0):
 garbage-first heap   total 162816K, used 82445K [0x0000000081c00000, 0x0000000100000000)
  region size 1024K, 47 young (48128K), 2 survivors (2048K)
 Metaspace       used 14508K, capacity 14815K, committed 14976K, reserved 1062912K
  class space    used 1657K, capacity 1796K, committed 1920K, reserved 1048576K
}
Event: 2.223 GC heap after
{Heap after GC invocations=7 (full 0):
 garbage-first heap   total 162816K, used 36377K [0x0000000081c00000, 0x0000000100000000)
  region size 1024K, 2 young (2048K), 2 survivors (2048K)
 Metaspace       used 14508K, capacity 14815K, committed 14976K, reserved 1062912K
  class space    used 1657K, capacity 1796K, committed 1920K, reserved 1048576K
}
Event: 3.225 GC heap before
{Heap before GC invocations=7 (full 0):
 garbage-first heap   total 162816K, used 94745K [0x0000000081c00000, 0x0000000100000000)
  region size 1024K, 59 young (60416K), 2 survivors (2048K)
 Metaspace       used 19771K, capacity 20243K, committed 20480K, reserved 1067008K
  class space    used 2375K, capacity 2550K, committed 2560K, reserved 1048576K
}
Event: 3.230 GC heap after
{Heap after GC invocations=8 (full 0):
 garbage-first heap   total 162816K, used 39062K [0x0000000081c00000, 0x0000000100000000)
  region size 1024K, 5 young (5120K), 5 survivors (5120K)
 Metaspace       used 19771K, capacity 20243K, committed 20480K, reserved 1067008K
  class space    used 2375K, capacity 2550K, committed 2560K, reserved 1048576K
}
Event: 3.274 GC heap before
{Heap before GC invocations=8 (full 0):
 garbage-first heap   total 162816K, used 42134K [0x0000000081c00000, 0x0000000100000000)
  region size 1024K, 9 young (9216K), 5 survivors (5120K)
 Metaspace       used 20686K, capacity 21155K, committed 21248K, reserved 1067008K
  class space    used 2528K, capacity 2732K, committed 2816K, reserved 1048576K
}
Event: 3.277 GC heap after
{Heap after GC invocations=9 (full 0):
 garbage-first heap   total 162816K, used 39424K [0x0000000081c00000, 0x0000000100000000)
  region size 1024K, 5 young (5120K), 5 survivors (5120K)
 Metaspace       used 20686K, capacity 21155K, committed 21248K, reserved 1067008K
  class space    used 2528K, capacity 2732K, committed 2816K, reserved 1048576K
}
Event: 47.689 GC heap before
{Heap before GC invocations=10 (full 0):
 garbage-first heap   total 133120K, used 105984K [0x0000000081c00000, 0x0000000100000000)
  region size 1024K, 73 young (74752K), 5 survivors (5120K)
 Metaspace       used 25157K, capacity 25739K, committed 25984K, reserved 1073152K
  class space    used 2954K, capacity 3169K, committed 3200K, reserved 1048576K
}
Event: 47.717 GC heap after
{Heap after GC invocations=11 (full 0):
 garbage-first heap   total 133120K, used 37678K [0x0000000081c00000, 0x0000000100000000)
  region size 1024K, 6 young (6144K), 6 survivors (6144K)
 Metaspace       used 25157K, capacity 25739K, committed 25984K, reserved 1073152K
  class space    used 2954K, capacity 3169K, committed 3200K, reserved 1048576K
}
Event: 47.739 GC heap before
{Heap before GC invocations=11 (full 0):
 garbage-first heap   total 133120K, used 38702K [0x0000000081c00000, 0x0000000100000000)
  region size 1024K, 7 young (7168K), 6 survivors (6144K)
 Metaspace       used 25159K, capacity 25739K, committed 25984K, reserved 1073152K
  class space    used 2954K, capacity 3169K, committed 3200K, reserved 1048576K
}
Event: 47.747 GC heap after
{Heap after GC invocations=12 (full 0):
 garbage-first heap   total 133120K, used 35689K [0x0000000081c00000, 0x0000000100000000)
  region size 1024K, 1 young (1024K), 1 survivors (1024K)
 Metaspace       used 25159K, capacity 25739K, committed 25984K, reserved 1073152K
  class space    used 2954K, capacity 3169K, committed 3200K, reserved 1048576K
}

