<!DOCTYPE html PUBLIC "-//W3C//DTD XHTML 1.1//EN" "http://www.w3.org/TR/xhtml11/DTD/xhtml11.dtd">
<html xmlns="http://www.w3.org/1999/xhtml"><head><title>TestNG Report</title><style type="text/css">table {margin-bottom:10px;border-collapse:collapse;empty-cells:show}th,td {border:1px solid #009;padding:.25em .5em}th {vertical-align:bottom}td {vertical-align:top}table a {font-weight:bold}.stripe td {background-color: #E6EBF9}.num {text-align:right}.passedodd td {background-color: #3F3}.passedeven td {background-color: #0A0}.skippedodd td {background-color: #DDD}.skippedeven td {background-color: #CCC}.failedodd td,.attn {background-color: #F33}.failedeven td,.stripe .attn {background-color: #D00}.stacktrace {white-space:pre;font-family:monospace}.totop {font-size:85%;text-align:center;border-bottom:2px solid #000}</style></head><body><table><tr><th>Test</th><th># Passed</th><th># Skipped</th><th># Failed</th><th>Time (ms)</th><th>Included Groups</th><th>Excluded Groups</th></tr><tr><th colspan="7">CPQ End to End Order</th></tr><tr><td><a href="#t0">CPQ End to End Order</a></td><td class="num">0</td><td class="num">0</td><td class="num attn">7</td><td class="num">2,722,599</td><td></td><td></td></tr></table><table><thead><tr><th>Class</th><th>Method</th><th>Start</th><th>Time (ms)</th></tr></thead><tbody><tr><th colspan="4">CPQ End to End Order</th></tr></tbody><tbody id="t0"><tr><th colspan="4">CPQ End to End Order &#8212; failed</th></tr><tr class="failedeven"><td rowspan="7">Testscript.StandardOrderOnnet</td><td><a href="#m0">EndtoEndOrder</a></td><td rowspan="7">1562248289394</td><td rowspan="7">123228</td></tr><tr class="failedeven"><td><a href="#m1">EndtoEndOrder</a></td></tr><tr class="failedeven"><td><a href="#m2">EndtoEndOrder</a></td></tr><tr class="failedeven"><td><a href="#m3">EndtoEndOrder</a></td></tr><tr class="failedeven"><td><a href="#m4">EndtoEndOrder</a></td></tr><tr class="failedeven"><td><a href="#m5">EndtoEndOrder</a></td></tr><tr class="failedeven"><td><a href="#m6">EndtoEndOrder</a></td></tr></tbody></table><h2>CPQ End to End Order</h2><h3 id="m0">Testscript.StandardOrderOnnet#EndtoEndOrder</h3><table class="result"><tr class="param"><th>Parameter #1</th></tr><tr class="param stripe"><td>[[K0120424, New, Ethernet &gt; Ethernet Line, , , 3, Julius-Tandler-Platz, Wien, Austria, Wien, 1090, 16 Rue Friant Paris France, 1 Year, , 1 Gbps, Unprotected, Onnet, Onnet, , , Bespoke, , 44 8882216537, 123566534, 2147483647, 120696, , , , Email, ashwanis@yopmail.com, ATest, BTest, No, null, Bespoke Journey(Scenario 2), Yes]]</td></tr><tr><th>Exception</th></tr><tr><td><div class="stacktrace">org.openqa.selenium.TimeoutException: Expected condition failed: waiting for element to be clickable: By.xpath: //a[text()=&apos;Accounts&apos;] (tried for 60 second(s) with 1000 MILLISECONDS interval)
Build info: version: &apos;3.4.0&apos;, revision: &apos;unknown&apos;, time: &apos;unknown&apos;
System info: host: &apos;360NDCPC074&apos;, ip: &apos;10.148.1.14&apos;, os.name: &apos;Windows 10&apos;, os.arch: &apos;amd64&apos;, os.version: &apos;10.0&apos;, java.version: &apos;12.0.1&apos;
Driver info: driver.version: unknown
	at org.openqa.selenium.support.ui.FluentWait.timeoutException(FluentWait.java:264)
	at org.openqa.selenium.support.ui.FluentWait.until(FluentWait.java:232)
	at Driver.DriverHelper.WaitforElementtobeclickable(DriverHelper.java:185)
	at ScriptHelper.C4CHelper.Movetoaccount(C4CHelper.java:39)
	at Testscript.StandardOrderOnnet.EndtoEndOrder(StandardOrderOnnet.java:19)
	at java.base/java.util.concurrent.FutureTask.run(FutureTask.java:264)
	at java.base/java.util.concurrent.Executors$RunnableAdapter.call(Executors.java:515)
	at java.base/java.util.concurrent.FutureTask.run(FutureTask.java:264)
	at java.base/java.util.concurrent.ThreadPoolExecutor.runWorker(ThreadPoolExecutor.java:1128)
	at java.base/java.util.concurrent.ThreadPoolExecutor$Worker.run(ThreadPoolExecutor.java:628)
	at java.base/java.lang.Thread.run(Thread.java:835)
... Removed 9 stack frames</div></td></tr></table><p class="totop"><a href="#summary">back to summary</a></p><h3 id="m1">Testscript.StandardOrderOnnet#EndtoEndOrder</h3><table class="result"><tr class="param"><th>Parameter #1</th></tr><tr class="param stripe"><td>[[3795623, New, Ethernet &gt; Ethernet Line, New, , 3, Julius-Tandler-Platz, Wien, Austria, Wien, 1090, 16 Rue Friant Paris France, 1 Year, , 100 Mbps, Unprotected, Onnet, Onnet, , , , , 44 8882216537, 123566534, 2147483647, 100226, , , , Email, ashwanis@yopmail.com, ATest, BTest, No, null, QTO Productized Journey
, Yes], [, , Optical &gt; Wave, New, , 4, Herstedvang, Albertslund, Denmark, 2620, 321-341, Carrer De Llull, Barcelona, Spain, Catalunya, 08019, 1 Year, Ethernet, 10 Gbps, Unprotected, Onnet, Onnet, , , , , 44 8882216537, 123566534, 2147483647, 100226, , , , , ashwanis@yopmail.com, ATest, BTest, No, null, , ], [, , Ethernet &gt; Ethernet Spoke, New, , 17, Avenida Del Brasil, Madrid, Spain, Comunidad de Madrid, 28020, 200 Via Del Serafico Roma Italy, 1 Year, , 10 Gbps, Unprotected, Onnet, Onnet, , , , , 44 8882216537, 123566534, 2147483647, 100226, , , , , ashwanis@yopmail.com, ATest, BTest, No, null, , ], [, , Ethernet &gt; Ethernet Hub, New, , 222, Avenida da Liberdade, Lisboa, Portugal, Lisboa, 1250-096, , 1 Year, , 1 Gbps, Protected, Onnet, Onnet, , , , , 44 8882216537, 123566534, 2147483647, 100226, , , , , ashwanis@yopmail.com, ATest, BTest, No, null, , ], [, , Ethernet &gt; Ethernet Spoke, New, Hub1, Via Giulio Pastore, 2, 10024 Moncalieri, Torino, Italy, 111, Atoomweg, Utrecht, Netherlands, Utrecht, 3542AB, 1 Year, , 10 Gbps, Unprotected, Onnet, Onnet, , , , , 44 8882216537, 123566534, 2147483647, 100226, , , , , ashwanis@yopmail.com, ATest, BTest, No, null, , ]]</td></tr><tr><th>Exception</th></tr><tr><td><div class="stacktrace">org.openqa.selenium.TimeoutException: Expected condition failed: waiting for element to be clickable: By.xpath: (//*[@id=&apos;onNetA&apos;]/table/tbody/tr[2]/td[1]/input)[1] (tried for 60 second(s) with 1000 MILLISECONDS interval)
	at org.openqa.selenium.support.ui.FluentWait.timeoutException(FluentWait.java:264)
	at org.openqa.selenium.support.ui.FluentWait.until(FluentWait.java:232)
	at Driver.DriverHelper.WaitforElementtobeclickable(DriverHelper.java:185)
	at ScriptHelper.ConfigurationHelper.Selectconnectivity(ConfigurationHelper.java:95)
	at ScriptHelper.ConfigurationHelper.ConfigureProduct(ConfigurationHelper.java:1154)
	at ScriptHelper.ConfigurationHelper.AddFamilyProduct(ConfigurationHelper.java:50)
	at ScriptHelper.ConfigurationHelper.AddProduct(ConfigurationHelper.java:1819)
	at Testscript.StandardOrderOnnet.EndtoEndOrder(StandardOrderOnnet.java:24)
	at java.base/java.util.concurrent.FutureTask.run(FutureTask.java:264)
	at java.base/java.util.concurrent.Executors$RunnableAdapter.call(Executors.java:515)
	at java.base/java.util.concurrent.FutureTask.run(FutureTask.java:264)
	at java.base/java.util.concurrent.ThreadPoolExecutor.runWorker(ThreadPoolExecutor.java:1128)
	at java.base/java.util.concurrent.ThreadPoolExecutor$Worker.run(ThreadPoolExecutor.java:628)
	at java.base/java.lang.Thread.run(Thread.java:835)
Caused by: org.openqa.selenium.NoSuchElementException: Cannot locate an element using By.xpath: (//*[@id=&apos;onNetA&apos;]/table/tbody/tr[2]/td[1]/input)[1]
For documentation on this error, please visit: http://seleniumhq.org/exceptions/no_such_element.html
Build info: version: &apos;3.4.0&apos;, revision: &apos;unknown&apos;, time: &apos;unknown&apos;
System info: host: &apos;360NDCPC074&apos;, ip: &apos;10.148.1.14&apos;, os.name: &apos;Windows 10&apos;, os.arch: &apos;amd64&apos;, os.version: &apos;10.0&apos;, java.version: &apos;12.0.1&apos;
Driver info: driver.version: unknown
	at org.openqa.selenium.support.ui.ExpectedConditions.lambda$findElement$0(ExpectedConditions.java:883)
	at java.base/java.util.Optional.orElseThrow(Optional.java:408)
	at org.openqa.selenium.support.ui.ExpectedConditions.findElement(ExpectedConditions.java:882)
	at org.openqa.selenium.support.ui.ExpectedConditions.access$000(ExpectedConditions.java:44)
	at org.openqa.selenium.support.ui.ExpectedConditions$7.apply(ExpectedConditions.java:206)
	at org.openqa.selenium.support.ui.ExpectedConditions$7.apply(ExpectedConditions.java:202)
	at org.openqa.selenium.support.ui.ExpectedConditions$22.apply(ExpectedConditions.java:644)
	at org.openqa.selenium.support.ui.ExpectedConditions$22.apply(ExpectedConditions.java:641)
	at org.openqa.selenium.support.ui.FluentWait.until(FluentWait.java:209)
	... 21 more
... Removed 9 stack frames</div></td></tr></table><p class="totop"><a href="#summary">back to summary</a></p><h3 id="m2">Testscript.StandardOrderOnnet#EndtoEndOrder</h3><table class="result"><tr class="param"><th>Parameter #1</th></tr><tr class="param stripe"><td>[[K0120424, New, Ethernet &gt; Ethernet Hub, , , 222, Avenida da Liberdade, Lisboa, Portugal, Lisboa, 1250-096, , 1 Year, , 1 Gbps, Protected, Onnet, , , , , , 44 8882216537, 123566534, 2147483647, 120696, , , , Email, ashwanis@yopmail.com, ATest, BTest, No, null, Spoke with New Hub Product Configuration
, Yes], [, , Ethernet &gt; Ethernet Spoke, New, Hub1, Via Giulio Pastore, 2, 10024 Moncalieri, Torino, Italy, 111, Atoomweg, Utrecht, Netherlands, Utrecht, 3542AB, 1 Year, , 600 MbPS, Unprotected, Onnet, Onnet, , , , , 44 8882216537, 123566534, 2147483647, 120696, , , , , ashwanis@yopmail.com, ATest, BTest, No, null, , ], [, , Ethernet &gt; Ethernet Spoke, New, Hub1, 33, Viale Edoardo Jenner, Milan, Italy, 20159, 111, Atoomweg, Utrecht, Netherlands, Utrecht, 3542AB, 1 Year, , 500 MbPS, Protected, Onnet, Onnet, , , , , 44 8882216537, 123566534, 2147483647, 120696, , , , , ashwanis@yopmail.com, ATest, BTest, No, null, , ], [, , Ethernet &gt; Ethernet Spoke, New, Hub1, 6, Rue du Chene Germain, Cesson-SÈvignÈ, France, 35510, 9-13, rue des Teinturiers, Lyon, France, 69003, 1 Year, , 100 MbPS, Protected, Onnet, Onnet, , , , , 44 8882216537, 123566534, 2147483647, 120696, , , , , ashwanis@yopmail.com, ATest, BTest, No, null, , ], [, , Ethernet &gt; Ethernet Spoke, New, Hub1, 2, Tarasconweg, Eindhoven, Netherlands, 5627 BG, 111, Atoomweg, Utrecht, Netherlands, Utrecht, 3542AB, 1 Year, , 100 MbPS, Protected, Onnet, Onnet, , , , , 44 8882216537, 123566534, 2147483647, 120696, , , , , ashwanis@yopmail.com, ATest, BTest, No, null, , ]]</td></tr><tr><th>Exception</th></tr><tr><td><div class="stacktrace">org.openqa.selenium.TimeoutException: Expected condition failed: waiting for element to be clickable: By.xpath: (//*[@id=&apos;onNetA&apos;]/table/tbody/tr[2]/td[1]/input)[1] (tried for 60 second(s) with 1000 MILLISECONDS interval)
	at org.openqa.selenium.support.ui.FluentWait.timeoutException(FluentWait.java:264)
	at org.openqa.selenium.support.ui.FluentWait.until(FluentWait.java:232)
	at Driver.DriverHelper.WaitforElementtobeclickable(DriverHelper.java:185)
	at ScriptHelper.ConfigurationHelper.Selectconnectivity(ConfigurationHelper.java:95)
	at ScriptHelper.ConfigurationHelper.ConfigureProduct(ConfigurationHelper.java:1266)
	at ScriptHelper.ConfigurationHelper.AddFamilyProduct(ConfigurationHelper.java:50)
	at ScriptHelper.ConfigurationHelper.AddProduct(ConfigurationHelper.java:1819)
	at Testscript.StandardOrderOnnet.EndtoEndOrder(StandardOrderOnnet.java:24)
	at java.base/java.util.concurrent.FutureTask.run(FutureTask.java:264)
	at java.base/java.util.concurrent.Executors$RunnableAdapter.call(Executors.java:515)
	at java.base/java.util.concurrent.FutureTask.run(FutureTask.java:264)
	at java.base/java.util.concurrent.ThreadPoolExecutor.runWorker(ThreadPoolExecutor.java:1128)
	at java.base/java.util.concurrent.ThreadPoolExecutor$Worker.run(ThreadPoolExecutor.java:628)
	at java.base/java.lang.Thread.run(Thread.java:835)
Caused by: org.openqa.selenium.NoSuchElementException: Cannot locate an element using By.xpath: (//*[@id=&apos;onNetA&apos;]/table/tbody/tr[2]/td[1]/input)[1]
For documentation on this error, please visit: http://seleniumhq.org/exceptions/no_such_element.html
Build info: version: &apos;3.4.0&apos;, revision: &apos;unknown&apos;, time: &apos;unknown&apos;
System info: host: &apos;360NDCPC074&apos;, ip: &apos;10.148.1.14&apos;, os.name: &apos;Windows 10&apos;, os.arch: &apos;amd64&apos;, os.version: &apos;10.0&apos;, java.version: &apos;12.0.1&apos;
Driver info: driver.version: unknown
	at org.openqa.selenium.support.ui.ExpectedConditions.lambda$findElement$0(ExpectedConditions.java:883)
	at java.base/java.util.Optional.orElseThrow(Optional.java:408)
	at org.openqa.selenium.support.ui.ExpectedConditions.findElement(ExpectedConditions.java:882)
	at org.openqa.selenium.support.ui.ExpectedConditions.access$000(ExpectedConditions.java:44)
	at org.openqa.selenium.support.ui.ExpectedConditions$7.apply(ExpectedConditions.java:206)
	at org.openqa.selenium.support.ui.ExpectedConditions$7.apply(ExpectedConditions.java:202)
	at org.openqa.selenium.support.ui.ExpectedConditions$22.apply(ExpectedConditions.java:644)
	at org.openqa.selenium.support.ui.ExpectedConditions$22.apply(ExpectedConditions.java:641)
	at org.openqa.selenium.support.ui.FluentWait.until(FluentWait.java:209)
	... 21 more
... Removed 9 stack frames</div></td></tr></table><p class="totop"><a href="#summary">back to summary</a></p><h3 id="m3">Testscript.StandardOrderOnnet#EndtoEndOrder</h3><table class="result"><tr class="param"><th>Parameter #1</th></tr><tr class="param stripe"><td>[[K0120424, New, Ethernet &gt; Ethernet Line, New, , 4, St Stephens Street, Birmingham, United Kingdom, B6 4RG, 36-42, Alboinstraﬂe, Berlin, Germany, 12103, 2 Years, , 10 Gbps, Protected, Onnet, Onnet, , , , , 44 8882216537, 123566534, 2147483647, 120696, Quote Level &gt; Percentage Off, 12, 12, Email, ashwanis@yopmail.com, ATest, BTest, No, null, Governance Approval 10-15 % End to End journey , Yes]]</td></tr><tr><th>Exception</th></tr><tr><td><div class="stacktrace">org.openqa.selenium.TimeoutException: Expected condition failed: waiting for element to be clickable: By.xpath: (//*[@id=&apos;onNetA&apos;]/table/tbody/tr[2]/td[1]/input)[1] (tried for 60 second(s) with 1000 MILLISECONDS interval)
	at org.openqa.selenium.support.ui.FluentWait.timeoutException(FluentWait.java:264)
	at org.openqa.selenium.support.ui.FluentWait.until(FluentWait.java:232)
	at Driver.DriverHelper.WaitforElementtobeclickable(DriverHelper.java:185)
	at ScriptHelper.ConfigurationHelper.Selectconnectivity(ConfigurationHelper.java:95)
	at ScriptHelper.ConfigurationHelper.ConfigureProduct(ConfigurationHelper.java:1154)
	at ScriptHelper.ConfigurationHelper.AddFamilyProduct(ConfigurationHelper.java:50)
	at ScriptHelper.ConfigurationHelper.AddProduct(ConfigurationHelper.java:1819)
	at Testscript.StandardOrderOnnet.EndtoEndOrder(StandardOrderOnnet.java:24)
	at java.base/java.util.concurrent.FutureTask.run(FutureTask.java:264)
	at java.base/java.util.concurrent.Executors$RunnableAdapter.call(Executors.java:515)
	at java.base/java.util.concurrent.FutureTask.run(FutureTask.java:264)
	at java.base/java.util.concurrent.ThreadPoolExecutor.runWorker(ThreadPoolExecutor.java:1128)
	at java.base/java.util.concurrent.ThreadPoolExecutor$Worker.run(ThreadPoolExecutor.java:628)
	at java.base/java.lang.Thread.run(Thread.java:835)
Caused by: org.openqa.selenium.NoSuchElementException: Cannot locate an element using By.xpath: (//*[@id=&apos;onNetA&apos;]/table/tbody/tr[2]/td[1]/input)[1]
For documentation on this error, please visit: http://seleniumhq.org/exceptions/no_such_element.html
Build info: version: &apos;3.4.0&apos;, revision: &apos;unknown&apos;, time: &apos;unknown&apos;
System info: host: &apos;360NDCPC074&apos;, ip: &apos;10.148.1.14&apos;, os.name: &apos;Windows 10&apos;, os.arch: &apos;amd64&apos;, os.version: &apos;10.0&apos;, java.version: &apos;12.0.1&apos;
Driver info: driver.version: unknown
	at org.openqa.selenium.support.ui.ExpectedConditions.lambda$findElement$0(ExpectedConditions.java:883)
	at java.base/java.util.Optional.orElseThrow(Optional.java:408)
	at org.openqa.selenium.support.ui.ExpectedConditions.findElement(ExpectedConditions.java:882)
	at org.openqa.selenium.support.ui.ExpectedConditions.access$000(ExpectedConditions.java:44)
	at org.openqa.selenium.support.ui.ExpectedConditions$7.apply(ExpectedConditions.java:206)
	at org.openqa.selenium.support.ui.ExpectedConditions$7.apply(ExpectedConditions.java:202)
	at org.openqa.selenium.support.ui.ExpectedConditions$22.apply(ExpectedConditions.java:644)
	at org.openqa.selenium.support.ui.ExpectedConditions$22.apply(ExpectedConditions.java:641)
	at org.openqa.selenium.support.ui.FluentWait.until(FluentWait.java:209)
	... 21 more
... Removed 9 stack frames</div></td></tr></table><p class="totop"><a href="#summary">back to summary</a></p><h3 id="m4">Testscript.StandardOrderOnnet#EndtoEndOrder</h3><table class="result"><tr class="param"><th>Parameter #1</th></tr><tr class="param stripe"><td>[[K0120424, New, Ethernet &gt; Ethernet Line, New, , 3, Julius-Tandler-Platz, Wien, Austria, Wien, 1090, 16 Rue Friant Paris France, 1 Year, , 40 Gbps, Unprotected, Onnet, Onnet, , , BeSpoke, , 44 8882216537, 123566534, 2147483647, 120696, , , , Email, ashwanis@yopmail.com, ATest, BTest, No, null, Governanace, Yes], [, , Ethernet &gt; Ethernet Hub, New, , 19 Chemin lateral France, , 1 Year, , 100 Gbps, Protected, Onnet, Onnet, , , , , 44 8882216537, 123566534, 2147483647, 120696, , , , , ashwanis@yopmail.com, ATest, BTest, No, null, , ]]</td></tr><tr><th>Exception</th></tr><tr><td><div class="stacktrace">org.openqa.selenium.TimeoutException: Expected condition failed: waiting for element to be clickable: By.xpath: (//div[text()=&apos;On-Net&apos;])[1] (tried for 60 second(s) with 1000 MILLISECONDS interval)
	at org.openqa.selenium.support.ui.FluentWait.timeoutException(FluentWait.java:264)
	at org.openqa.selenium.support.ui.FluentWait.until(FluentWait.java:232)
	at Driver.DriverHelper.WaitforElementtobeclickable(DriverHelper.java:185)
	at ScriptHelper.ConfigurationHelper.Selectconnectivity(ConfigurationHelper.java:89)
	at ScriptHelper.ConfigurationHelper.ConfigureProduct(ConfigurationHelper.java:1266)
	at ScriptHelper.ConfigurationHelper.AddFamilyProduct(ConfigurationHelper.java:50)
	at ScriptHelper.ConfigurationHelper.AddProduct(ConfigurationHelper.java:1819)
	at Testscript.StandardOrderOnnet.EndtoEndOrder(StandardOrderOnnet.java:24)
	at java.base/java.util.concurrent.FutureTask.run(FutureTask.java:264)
	at java.base/java.util.concurrent.Executors$RunnableAdapter.call(Executors.java:515)
	at java.base/java.util.concurrent.FutureTask.run(FutureTask.java:264)
	at java.base/java.util.concurrent.ThreadPoolExecutor.runWorker(ThreadPoolExecutor.java:1128)
	at java.base/java.util.concurrent.ThreadPoolExecutor$Worker.run(ThreadPoolExecutor.java:628)
	at java.base/java.lang.Thread.run(Thread.java:835)
Caused by: org.openqa.selenium.NoSuchElementException: Cannot locate an element using By.xpath: (//div[text()=&apos;On-Net&apos;])[1]
For documentation on this error, please visit: http://seleniumhq.org/exceptions/no_such_element.html
Build info: version: &apos;3.4.0&apos;, revision: &apos;unknown&apos;, time: &apos;unknown&apos;
System info: host: &apos;360NDCPC074&apos;, ip: &apos;10.148.1.14&apos;, os.name: &apos;Windows 10&apos;, os.arch: &apos;amd64&apos;, os.version: &apos;10.0&apos;, java.version: &apos;12.0.1&apos;
Driver info: driver.version: unknown
	at org.openqa.selenium.support.ui.ExpectedConditions.lambda$findElement$0(ExpectedConditions.java:883)
	at java.base/java.util.Optional.orElseThrow(Optional.java:408)
	at org.openqa.selenium.support.ui.ExpectedConditions.findElement(ExpectedConditions.java:882)
	at org.openqa.selenium.support.ui.ExpectedConditions.access$000(ExpectedConditions.java:44)
	at org.openqa.selenium.support.ui.ExpectedConditions$7.apply(ExpectedConditions.java:206)
	at org.openqa.selenium.support.ui.ExpectedConditions$7.apply(ExpectedConditions.java:202)
	at org.openqa.selenium.support.ui.ExpectedConditions$22.apply(ExpectedConditions.java:644)
	at org.openqa.selenium.support.ui.ExpectedConditions$22.apply(ExpectedConditions.java:641)
	at org.openqa.selenium.support.ui.FluentWait.until(FluentWait.java:209)
	... 21 more
... Removed 9 stack frames</div></td></tr></table><p class="totop"><a href="#summary">back to summary</a></p><h3 id="m5">Testscript.StandardOrderOnnet#EndtoEndOrder</h3><table class="result"><tr class="param"><th>Parameter #1</th></tr><tr class="param stripe"><td>[[K0120424, New, Ethernet &gt; Ethernet Line, , , 5,Columbiadamm,Berlin,Germany,10965, 36-42, Alboinstraﬂe, Berlin, Germany, 12103, 2 Years, , 1 Gbps, Protected, Manual Nearnet, Manual Nearnet, , Approve, , , 44 8882216537, 123566534, 2147483647, 120696, , , , Email, ashwanis@yopmail.com, ATest, BTest, No, null, All CPQ-Explore integrations(Scenario 28), Yes]]</td></tr><tr><th>Exception</th></tr><tr><td><div class="stacktrace">org.openqa.selenium.NoSuchElementException: Cannot locate element with text: REQUEST MANUAL NEARNET
For documentation on this error, please visit: http://seleniumhq.org/exceptions/no_such_element.html
Build info: version: &apos;3.4.0&apos;, revision: &apos;unknown&apos;, time: &apos;unknown&apos;
System info: host: &apos;360NDCPC074&apos;, ip: &apos;10.148.1.14&apos;, os.name: &apos;Windows 10&apos;, os.arch: &apos;amd64&apos;, os.version: &apos;10.0&apos;, java.version: &apos;12.0.1&apos;
Driver info: driver.version: unknown
	at org.openqa.selenium.support.ui.Select.selectByVisibleText(Select.java:151)
	at Driver.DriverHelper.Select(DriverHelper.java:823)
	at ScriptHelper.ConfigurationHelper.Selectconnectivity(ConfigurationHelper.java:327)
	at ScriptHelper.ConfigurationHelper.ConfigureProduct(ConfigurationHelper.java:1154)
	at ScriptHelper.ConfigurationHelper.AddFamilyProduct(ConfigurationHelper.java:50)
	at ScriptHelper.ConfigurationHelper.AddProduct(ConfigurationHelper.java:1819)
	at Testscript.StandardOrderOnnet.EndtoEndOrder(StandardOrderOnnet.java:24)
	at java.base/java.util.concurrent.FutureTask.run(FutureTask.java:264)
	at java.base/java.util.concurrent.Executors$RunnableAdapter.call(Executors.java:515)
	at java.base/java.util.concurrent.FutureTask.run(FutureTask.java:264)
	at java.base/java.util.concurrent.ThreadPoolExecutor.runWorker(ThreadPoolExecutor.java:1128)
	at java.base/java.util.concurrent.ThreadPoolExecutor$Worker.run(ThreadPoolExecutor.java:628)
	at java.base/java.lang.Thread.run(Thread.java:835)
... Removed 9 stack frames</div></td></tr></table><p class="totop"><a href="#summary">back to summary</a></p><h3 id="m6">Testscript.StandardOrderOnnet#EndtoEndOrder</h3><table class="result"><tr class="param"><th>Parameter #1</th></tr><tr class="param stripe"><td>[[K0120424, New, Ethernet &gt; Ethernet Line, , , 5, Via Anna Kuliscioff, Milano, Italy, 20152, 20, Viale Della Pittura, Roma, Italy, 00144, 1 Year, , 1 Gbps, Unprotected, Onnet, Onnet, , , , , 44 8882216537, 123566534, 2147483647, 120696, , , , E-Signature, ashwanis@yopmail.com, ATest, BTest, No, null, PPT Journey(Scenario 19), Yes]]</td></tr><tr><th>Exception</th></tr><tr><td><div class="stacktrace">org.openqa.selenium.TimeoutException: Expected condition failed: waiting for element to be clickable: By.xpath: //span[text()=&apos;CUSTOMER SIGNATURE&apos;] (tried for 60 second(s) with 1000 MILLISECONDS interval)
	at org.openqa.selenium.support.ui.FluentWait.timeoutException(FluentWait.java:264)
	at org.openqa.selenium.support.ui.FluentWait.until(FluentWait.java:232)
	at Driver.DriverHelper.WaitforElementtobeclickable(DriverHelper.java:185)
	at ScriptHelper.C4CHelper.CheckdocumentSigned(C4CHelper.java:358)
	at Testscript.StandardOrderOnnet.EndtoEndOrder(StandardOrderOnnet.java:93)
	at java.base/java.util.concurrent.FutureTask.run(FutureTask.java:264)
	at java.base/java.util.concurrent.Executors$RunnableAdapter.call(Executors.java:515)
	at java.base/java.util.concurrent.FutureTask.run(FutureTask.java:264)
	at java.base/java.util.concurrent.ThreadPoolExecutor.runWorker(ThreadPoolExecutor.java:1128)
	at java.base/java.util.concurrent.ThreadPoolExecutor$Worker.run(ThreadPoolExecutor.java:628)
	at java.base/java.lang.Thread.run(Thread.java:835)
Caused by: org.openqa.selenium.NoSuchElementException: Cannot locate an element using By.xpath: //span[text()=&apos;CUSTOMER SIGNATURE&apos;]
For documentation on this error, please visit: http://seleniumhq.org/exceptions/no_such_element.html
Build info: version: &apos;3.4.0&apos;, revision: &apos;unknown&apos;, time: &apos;unknown&apos;
System info: host: &apos;360NDCPC074&apos;, ip: &apos;10.148.1.14&apos;, os.name: &apos;Windows 10&apos;, os.arch: &apos;amd64&apos;, os.version: &apos;10.0&apos;, java.version: &apos;12.0.1&apos;
Driver info: driver.version: unknown
	at org.openqa.selenium.support.ui.ExpectedConditions.lambda$findElement$0(ExpectedConditions.java:883)
	at java.base/java.util.Optional.orElseThrow(Optional.java:408)
	at org.openqa.selenium.support.ui.ExpectedConditions.findElement(ExpectedConditions.java:882)
	at org.openqa.selenium.support.ui.ExpectedConditions.access$000(ExpectedConditions.java:44)
	at org.openqa.selenium.support.ui.ExpectedConditions$7.apply(ExpectedConditions.java:206)
	at org.openqa.selenium.support.ui.ExpectedConditions$7.apply(ExpectedConditions.java:202)
	at org.openqa.selenium.support.ui.ExpectedConditions$22.apply(ExpectedConditions.java:644)
	at org.openqa.selenium.support.ui.ExpectedConditions$22.apply(ExpectedConditions.java:641)
	at org.openqa.selenium.support.ui.FluentWait.until(FluentWait.java:209)
	... 18 more
... Removed 9 stack frames</div></td></tr></table><p class="totop"><a href="#summary">back to summary</a></p></body></html>