<!DOCTYPE html>

<html>
  <head>
  <title>TestNG reports</title>

    <link type="text/css" href="testng-reports.css" rel="stylesheet" />  
    <script type="text/javascript" src="jquery-1.7.1.min.js"></script>
    <script type="text/javascript" src="testng-reports.js"></script>
    <script type="text/javascript" src="https://www.google.com/jsapi"></script>
    <script type='text/javascript'>
      google.load('visualization', '1', {packages:['table']});
      google.setOnLoadCallback(drawTable);
      var suiteTableInitFunctions = new Array();
      var suiteTableData = new Array();
    </script>
    <!--
      <script type="text/javascript" src="jquery-ui/js/jquery-ui-1.8.16.custom.min.js"></script>
     -->
  </head>

  <body>
    <div class="top-banner-root">
      <span class="top-banner-title-font">Test results</span>
      <br/>
      <span class="top-banner-font-1">1 suite, 7 failed tests</span>
    </div> <!-- top-banner-root -->
    <div class="navigator-root">
      <div class="navigator-suite-header">
        <span>All suites</span>
        <a href="#" title="Collapse/expand all the suites" class="collapse-all-link">
          <img src="collapseall.gif" class="collapse-all-icon">
          </img> <!-- collapse-all-icon -->
        </a> <!-- collapse-all-link -->
      </div> <!-- navigator-suite-header -->
      <div class="suite">
        <div class="rounded-window">
          <div class="suite-header light-rounded-window-top">
            <a href="#" panel-name="suite-CPQ_End_to_End_Order" class="navigator-link">
              <span class="suite-name border-failed">CPQ End to End Order</span>
            </a> <!-- navigator-link -->
          </div> <!-- suite-header light-rounded-window-top -->
          <div class="navigator-suite-content">
            <div class="suite-section-title">
              <span>Info</span>
            </div> <!-- suite-section-title -->
            <div class="suite-section-content">
              <ul>
                <li>
                  <a href="#" panel-name="test-xml-CPQ_End_to_End_Order" class="navigator-link ">
                    <span>C:\Users\ashwanis\git\CPQ\Suites\NewStandardOrder.xml</span>
                  </a> <!-- navigator-link  -->
                </li>
                <li>
                  <a href="#" panel-name="testlist-CPQ_End_to_End_Order" class="navigator-link ">
                    <span class="test-stats">1 test</span>
                  </a> <!-- navigator-link  -->
                </li>
                <li>
                  <a href="#" panel-name="group-CPQ_End_to_End_Order" class="navigator-link ">
                    <span>0 groups</span>
                  </a> <!-- navigator-link  -->
                </li>
                <li>
                  <a href="#" panel-name="times-CPQ_End_to_End_Order" class="navigator-link ">
                    <span>Times</span>
                  </a> <!-- navigator-link  -->
                </li>
                <li>
                  <a href="#" panel-name="reporter-CPQ_End_to_End_Order" class="navigator-link ">
                    <span>Reporter output</span>
                  </a> <!-- navigator-link  -->
                </li>
                <li>
                  <a href="#" panel-name="ignored-methods-CPQ_End_to_End_Order" class="navigator-link ">
                    <span>Ignored methods</span>
                  </a> <!-- navigator-link  -->
                </li>
                <li>
                  <a href="#" panel-name="chronological-CPQ_End_to_End_Order" class="navigator-link ">
                    <span>Chronological view</span>
                  </a> <!-- navigator-link  -->
                </li>
              </ul>
            </div> <!-- suite-section-content -->
            <div class="result-section">
              <div class="suite-section-title">
                <span>Results</span>
              </div> <!-- suite-section-title -->
              <div class="suite-section-content">
                <ul>
                  <li>
                    <span class="method-stats">7 methods, 7 failed,   </span>
                  </li>
                  <li>
                    <span class="method-list-title failed">Failed methods</span>
                    <span class="show-or-hide-methods failed">
                      <a href="#" panel-name="suite-CPQ_End_to_End_Order" class="hide-methods failed suite-CPQ_End_to_End_Order"> (hide)</a> <!-- hide-methods failed suite-CPQ_End_to_End_Order -->
                      <a href="#" panel-name="suite-CPQ_End_to_End_Order" class="show-methods failed suite-CPQ_End_to_End_Order"> (show)</a> <!-- show-methods failed suite-CPQ_End_to_End_Order -->
                    </span>
                    <div class="method-list-content failed suite-CPQ_End_to_End_Order">
                      <span>
                        <img src="failed.png" width="3%"/>
                        <a href="#" panel-name="suite-CPQ_End_to_End_Order" title="Testscript.StandardOrderOnnet" class="method navigator-link" hash-for-method="EndtoEndOrder([[K0120424, New, Ethernet &gt; Ethernet Line, , , 3, Julius-Tandler-Platz, Wien, Austria, Wien, 1090, 1...)">EndtoEndOrder([[K0120424, New, Ethernet > Ethernet Line, , , 3, Julius-Tandler-Platz, Wien, Austria, Wien, 1090, 1...)</a> <!-- method navigator-link -->
                      </span>
                      <br/>
                      <span>
                        <img src="failed.png" width="3%"/>
                        <a href="#" panel-name="suite-CPQ_End_to_End_Order" title="Testscript.StandardOrderOnnet" class="method navigator-link" hash-for-method="EndtoEndOrder([[3795623, New, Ethernet &gt; Ethernet Line, New, , 3, Julius-Tandler-Platz, Wien, Austria, Wien, 1090,...)">EndtoEndOrder([[3795623, New, Ethernet > Ethernet Line, New, , 3, Julius-Tandler-Platz, Wien, Austria, Wien, 1090,...)</a> <!-- method navigator-link -->
                      </span>
                      <br/>
                      <span>
                        <img src="failed.png" width="3%"/>
                        <a href="#" panel-name="suite-CPQ_End_to_End_Order" title="Testscript.StandardOrderOnnet" class="method navigator-link" hash-for-method="EndtoEndOrder([[K0120424, New, Ethernet &gt; Ethernet Hub, , , 222, Avenida da Liberdade, Lisboa, Portugal, Lisboa, 1...)">EndtoEndOrder([[K0120424, New, Ethernet > Ethernet Hub, , , 222, Avenida da Liberdade, Lisboa, Portugal, Lisboa, 1...)</a> <!-- method navigator-link -->
                      </span>
                      <br/>
                      <span>
                        <img src="failed.png" width="3%"/>
                        <a href="#" panel-name="suite-CPQ_End_to_End_Order" title="Testscript.StandardOrderOnnet" class="method navigator-link" hash-for-method="EndtoEndOrder([[K0120424, New, Ethernet &gt; Ethernet Line, New, , 4, St Stephens Street, Birmingham, United Kingdom,...)">EndtoEndOrder([[K0120424, New, Ethernet > Ethernet Line, New, , 4, St Stephens Street, Birmingham, United Kingdom,...)</a> <!-- method navigator-link -->
                      </span>
                      <br/>
                      <span>
                        <img src="failed.png" width="3%"/>
                        <a href="#" panel-name="suite-CPQ_End_to_End_Order" title="Testscript.StandardOrderOnnet" class="method navigator-link" hash-for-method="EndtoEndOrder([[K0120424, New, Ethernet &gt; Ethernet Line, New, , 3, Julius-Tandler-Platz, Wien, Austria, Wien, 1090...)">EndtoEndOrder([[K0120424, New, Ethernet > Ethernet Line, New, , 3, Julius-Tandler-Platz, Wien, Austria, Wien, 1090...)</a> <!-- method navigator-link -->
                      </span>
                      <br/>
                      <span>
                        <img src="failed.png" width="3%"/>
                        <a href="#" panel-name="suite-CPQ_End_to_End_Order" title="Testscript.StandardOrderOnnet" class="method navigator-link" hash-for-method="EndtoEndOrder([[K0120424, New, Ethernet &gt; Ethernet Line, , , 5,Columbiadamm,Berlin,Germany,10965, 36-42, Alboinstr...)">EndtoEndOrder([[K0120424, New, Ethernet > Ethernet Line, , , 5,Columbiadamm,Berlin,Germany,10965, 36-42, Alboinstr...)</a> <!-- method navigator-link -->
                      </span>
                      <br/>
                      <span>
                        <img src="failed.png" width="3%"/>
                        <a href="#" panel-name="suite-CPQ_End_to_End_Order" title="Testscript.StandardOrderOnnet" class="method navigator-link" hash-for-method="EndtoEndOrder([[K0120424, New, Ethernet &gt; Ethernet Line, , , 5, Via Anna Kuliscioff, Milano, Italy, 20152, 20, Via...)">EndtoEndOrder([[K0120424, New, Ethernet > Ethernet Line, , , 5, Via Anna Kuliscioff, Milano, Italy, 20152, 20, Via...)</a> <!-- method navigator-link -->
                      </span>
                      <br/>
                    </div> <!-- method-list-content failed suite-CPQ_End_to_End_Order -->
                  </li>
                </ul>
              </div> <!-- suite-section-content -->
            </div> <!-- result-section -->
          </div> <!-- navigator-suite-content -->
        </div> <!-- rounded-window -->
      </div> <!-- suite -->
    </div> <!-- navigator-root -->
    <div class="wrapper">
      <div class="main-panel-root">
        <div panel-name="suite-CPQ_End_to_End_Order" class="panel CPQ_End_to_End_Order">
          <div class="suite-CPQ_End_to_End_Order-class-failed">
            <div class="main-panel-header rounded-window-top">
              <img src="failed.png"/>
              <span class="class-name">Testscript.StandardOrderOnnet</span>
            </div> <!-- main-panel-header rounded-window-top -->
            <div class="main-panel-content rounded-window-bottom">
              <div class="method">
                <div class="method-content">
                  <a name="EndtoEndOrder([[K0120424, New, Ethernet &gt; Ethernet Line, , , 3, Julius-Tandler-Platz, Wien, Austria, Wien, 1090, 1...)">
                  </a> <!-- EndtoEndOrder([[K0120424, New, Ethernet > Ethernet Line, , , 3, Julius-Tandler-Platz, Wien, Austria, Wien, 1090, 1...) -->
                  <span class="method-name">EndtoEndOrder</span>
                  <span class="parameters">([[K0120424, New, Ethernet > Ethernet Line, , , 3, Julius-Tandler-Platz, Wien, Austria, Wien, 1090, 16 Rue Friant Paris France, 1 Year, , 1 Gbps, Unprotected, Onnet, Onnet, , , Bespoke, , 44 8882216537, 123566534, 2147483647, 120696, , , , Email, ashwanis@yopmail.com, ATest, BTest, No, null, Bespoke Journey(Scenario 2), Yes]])</span>
                  <div class="stack-trace">org.openqa.selenium.TimeoutException: Expected condition failed: waiting for element to be clickable: By.xpath: //a[text()=&apos;Accounts&apos;] (tried for 60 second(s) with 1000 MILLISECONDS interval)
Build info: version: &apos;3.4.0&apos;, revision: &apos;unknown&apos;, time: &apos;unknown&apos;
System info: host: &apos;360NDCPC074&apos;, ip: &apos;10.148.1.14&apos;, os.name: &apos;Windows 10&apos;, os.arch: &apos;amd64&apos;, os.version: &apos;10.0&apos;, java.version: &apos;12.0.1&apos;
Driver info: driver.version: unknown
	at org.openqa.selenium.support.ui.FluentWait.timeoutException(FluentWait.java:264)
	at org.openqa.selenium.support.ui.FluentWait.until(FluentWait.java:232)
	at Driver.DriverHelper.WaitforElementtobeclickable(DriverHelper.java:185)
	at ScriptHelper.C4CHelper.Movetoaccount(C4CHelper.java:39)
	at Testscript.StandardOrderOnnet.EndtoEndOrder(StandardOrderOnnet.java:19)
	at java.base/java.util.concurrent.FutureTask.run(FutureTask.java:264)
	at java.base/java.util.concurrent.Executors$RunnableAdapter.call(Executors.java:515)
	at java.base/java.util.concurrent.FutureTask.run(FutureTask.java:264)
	at java.base/java.util.concurrent.ThreadPoolExecutor.runWorker(ThreadPoolExecutor.java:1128)
	at java.base/java.util.concurrent.ThreadPoolExecutor$Worker.run(ThreadPoolExecutor.java:628)
	at java.base/java.lang.Thread.run(Thread.java:835)
... Removed 9 stack frames
</div> <!-- stack-trace -->
                </div> <!-- method-content -->
              </div> <!-- method -->
              <div class="method">
                <div class="method-content">
                  <a name="EndtoEndOrder([[3795623, New, Ethernet &gt; Ethernet Line, New, , 3, Julius-Tandler-Platz, Wien, Austria, Wien, 1090,...)">
                  </a> <!-- EndtoEndOrder([[3795623, New, Ethernet > Ethernet Line, New, , 3, Julius-Tandler-Platz, Wien, Austria, Wien, 1090,...) -->
                  <span class="method-name">EndtoEndOrder</span>
                  <span class="parameters">([[3795623, New, Ethernet > Ethernet Line, New, , 3, Julius-Tandler-Platz, Wien, Austria, Wien, 1090, 16 Rue Friant Paris France, 1 Year, , 100 Mbps, Unprotected, Onnet, Onnet, , , , , 44 8882216537, 123566534, 2147483647, 100226, , , , Email, ashwanis@yopmail.com, ATest, BTest, No, null, QTO Productized Journey
, Yes], [, , Optical > Wave, New, , 4, Herstedvang, Albertslund, Denmark, 2620, 321-341, Carrer De Llull, Barcelona, Spain, Catalunya, 08019, 1 Year, Ethernet, 10 Gbps, Unprotected, Onnet, Onnet, , , , , 44 8882216537, 123566534, 2147483647, 100226, , , , , ashwanis@yopmail.com, ATest, BTest, No, null, , ], [, , Ethernet > Ethernet Spoke, New, , 17, Avenida Del Brasil, Madrid, Spain, Comunidad de Madrid, 28020, 200 Via Del Serafico Roma Italy, 1 Year, , 10 Gbps, Unprotected, Onnet, Onnet, , , , , 44 8882216537, 123566534, 2147483647, 100226, , , , , ashwanis@yopmail.com, ATest, BTest, No, null, , ], [, , Ethernet > Ethernet Hub, New, , 222, Avenida da Liberdade, Lisboa, Portugal, Lisboa, 1250-096, , 1 Year, , 1 Gbps, Protected, Onnet, Onnet, , , , , 44 8882216537, 123566534, 2147483647, 100226, , , , , ashwanis@yopmail.com, ATest, BTest, No, null, , ], [, , Ethernet > Ethernet Spoke, New, Hub1, Via Giulio Pastore, 2, 10024 Moncalieri, Torino, Italy, 111, Atoomweg, Utrecht, Netherlands, Utrecht, 3542AB, 1 Year, , 10 Gbps, Unprotected, Onnet, Onnet, , , , , 44 8882216537, 123566534, 2147483647, 100226, , , , , ashwanis@yopmail.com, ATest, BTest, No, null, , ]])</span>
                  <div class="stack-trace">org.openqa.selenium.TimeoutException: Expected condition failed: waiting for element to be clickable: By.xpath: (//*[@id=&apos;onNetA&apos;]/table/tbody/tr[2]/td[1]/input)[1] (tried for 60 second(s) with 1000 MILLISECONDS interval)
	at org.openqa.selenium.support.ui.FluentWait.timeoutException(FluentWait.java:264)
	at org.openqa.selenium.support.ui.FluentWait.until(FluentWait.java:232)
	at Driver.DriverHelper.WaitforElementtobeclickable(DriverHelper.java:185)
	at ScriptHelper.ConfigurationHelper.Selectconnectivity(ConfigurationHelper.java:95)
	at ScriptHelper.ConfigurationHelper.ConfigureProduct(ConfigurationHelper.java:1154)
	at ScriptHelper.ConfigurationHelper.AddFamilyProduct(ConfigurationHelper.java:50)
	at ScriptHelper.ConfigurationHelper.AddProduct(ConfigurationHelper.java:1819)
	at Testscript.StandardOrderOnnet.EndtoEndOrder(StandardOrderOnnet.java:24)
	at java.base/java.util.concurrent.FutureTask.run(FutureTask.java:264)
	at java.base/java.util.concurrent.Executors$RunnableAdapter.call(Executors.java:515)
	at java.base/java.util.concurrent.FutureTask.run(FutureTask.java:264)
	at java.base/java.util.concurrent.ThreadPoolExecutor.runWorker(ThreadPoolExecutor.java:1128)
	at java.base/java.util.concurrent.ThreadPoolExecutor$Worker.run(ThreadPoolExecutor.java:628)
	at java.base/java.lang.Thread.run(Thread.java:835)
Caused by: org.openqa.selenium.NoSuchElementException: Cannot locate an element using By.xpath: (//*[@id=&apos;onNetA&apos;]/table/tbody/tr[2]/td[1]/input)[1]
For documentation on this error, please visit: http://seleniumhq.org/exceptions/no_such_element.html
Build info: version: &apos;3.4.0&apos;, revision: &apos;unknown&apos;, time: &apos;unknown&apos;
System info: host: &apos;360NDCPC074&apos;, ip: &apos;10.148.1.14&apos;, os.name: &apos;Windows 10&apos;, os.arch: &apos;amd64&apos;, os.version: &apos;10.0&apos;, java.version: &apos;12.0.1&apos;
Driver info: driver.version: unknown
	at org.openqa.selenium.support.ui.ExpectedConditions.lambda$findElement$0(ExpectedConditions.java:883)
	at java.base/java.util.Optional.orElseThrow(Optional.java:408)
	at org.openqa.selenium.support.ui.ExpectedConditions.findElement(ExpectedConditions.java:882)
	at org.openqa.selenium.support.ui.ExpectedConditions.access$000(ExpectedConditions.java:44)
	at org.openqa.selenium.support.ui.ExpectedConditions$7.apply(ExpectedConditions.java:206)
	at org.openqa.selenium.support.ui.ExpectedConditions$7.apply(ExpectedConditions.java:202)
	at org.openqa.selenium.support.ui.ExpectedConditions$22.apply(ExpectedConditions.java:644)
	at org.openqa.selenium.support.ui.ExpectedConditions$22.apply(ExpectedConditions.java:641)
	at org.openqa.selenium.support.ui.FluentWait.until(FluentWait.java:209)
	... 21 more
... Removed 9 stack frames
</div> <!-- stack-trace -->
                </div> <!-- method-content -->
              </div> <!-- method -->
              <div class="method">
                <div class="method-content">
                  <a name="EndtoEndOrder([[K0120424, New, Ethernet &gt; Ethernet Hub, , , 222, Avenida da Liberdade, Lisboa, Portugal, Lisboa, 1...)">
                  </a> <!-- EndtoEndOrder([[K0120424, New, Ethernet > Ethernet Hub, , , 222, Avenida da Liberdade, Lisboa, Portugal, Lisboa, 1...) -->
                  <span class="method-name">EndtoEndOrder</span>
                  <span class="parameters">([[K0120424, New, Ethernet > Ethernet Hub, , , 222, Avenida da Liberdade, Lisboa, Portugal, Lisboa, 1250-096, , 1 Year, , 1 Gbps, Protected, Onnet, , , , , , 44 8882216537, 123566534, 2147483647, 120696, , , , Email, ashwanis@yopmail.com, ATest, BTest, No, null, Spoke with New Hub Product Configuration
, Yes], [, , Ethernet > Ethernet Spoke, New, Hub1, Via Giulio Pastore, 2, 10024 Moncalieri, Torino, Italy, 111, Atoomweg, Utrecht, Netherlands, Utrecht, 3542AB, 1 Year, , 600 MbPS, Unprotected, Onnet, Onnet, , , , , 44 8882216537, 123566534, 2147483647, 120696, , , , , ashwanis@yopmail.com, ATest, BTest, No, null, , ], [, , Ethernet > Ethernet Spoke, New, Hub1, 33, Viale Edoardo Jenner, Milan, Italy, 20159, 111, Atoomweg, Utrecht, Netherlands, Utrecht, 3542AB, 1 Year, , 500 MbPS, Protected, Onnet, Onnet, , , , , 44 8882216537, 123566534, 2147483647, 120696, , , , , ashwanis@yopmail.com, ATest, BTest, No, null, , ], [, , Ethernet > Ethernet Spoke, New, Hub1, 6, Rue du Chene Germain, Cesson-SÈvignÈ, France, 35510, 9-13, rue des Teinturiers, Lyon, France, 69003, 1 Year, , 100 MbPS, Protected, Onnet, Onnet, , , , , 44 8882216537, 123566534, 2147483647, 120696, , , , , ashwanis@yopmail.com, ATest, BTest, No, null, , ], [, , Ethernet > Ethernet Spoke, New, Hub1, 2, Tarasconweg, Eindhoven, Netherlands, 5627 BG, 111, Atoomweg, Utrecht, Netherlands, Utrecht, 3542AB, 1 Year, , 100 MbPS, Protected, Onnet, Onnet, , , , , 44 8882216537, 123566534, 2147483647, 120696, , , , , ashwanis@yopmail.com, ATest, BTest, No, null, , ]])</span>
                  <div class="stack-trace">org.openqa.selenium.TimeoutException: Expected condition failed: waiting for element to be clickable: By.xpath: (//*[@id=&apos;onNetA&apos;]/table/tbody/tr[2]/td[1]/input)[1] (tried for 60 second(s) with 1000 MILLISECONDS interval)
	at org.openqa.selenium.support.ui.FluentWait.timeoutException(FluentWait.java:264)
	at org.openqa.selenium.support.ui.FluentWait.until(FluentWait.java:232)
	at Driver.DriverHelper.WaitforElementtobeclickable(DriverHelper.java:185)
	at ScriptHelper.ConfigurationHelper.Selectconnectivity(ConfigurationHelper.java:95)
	at ScriptHelper.ConfigurationHelper.ConfigureProduct(ConfigurationHelper.java:1266)
	at ScriptHelper.ConfigurationHelper.AddFamilyProduct(ConfigurationHelper.java:50)
	at ScriptHelper.ConfigurationHelper.AddProduct(ConfigurationHelper.java:1819)
	at Testscript.StandardOrderOnnet.EndtoEndOrder(StandardOrderOnnet.java:24)
	at java.base/java.util.concurrent.FutureTask.run(FutureTask.java:264)
	at java.base/java.util.concurrent.Executors$RunnableAdapter.call(Executors.java:515)
	at java.base/java.util.concurrent.FutureTask.run(FutureTask.java:264)
	at java.base/java.util.concurrent.ThreadPoolExecutor.runWorker(ThreadPoolExecutor.java:1128)
	at java.base/java.util.concurrent.ThreadPoolExecutor$Worker.run(ThreadPoolExecutor.java:628)
	at java.base/java.lang.Thread.run(Thread.java:835)
Caused by: org.openqa.selenium.NoSuchElementException: Cannot locate an element using By.xpath: (//*[@id=&apos;onNetA&apos;]/table/tbody/tr[2]/td[1]/input)[1]
For documentation on this error, please visit: http://seleniumhq.org/exceptions/no_such_element.html
Build info: version: &apos;3.4.0&apos;, revision: &apos;unknown&apos;, time: &apos;unknown&apos;
System info: host: &apos;360NDCPC074&apos;, ip: &apos;10.148.1.14&apos;, os.name: &apos;Windows 10&apos;, os.arch: &apos;amd64&apos;, os.version: &apos;10.0&apos;, java.version: &apos;12.0.1&apos;
Driver info: driver.version: unknown
	at org.openqa.selenium.support.ui.ExpectedConditions.lambda$findElement$0(ExpectedConditions.java:883)
	at java.base/java.util.Optional.orElseThrow(Optional.java:408)
	at org.openqa.selenium.support.ui.ExpectedConditions.findElement(ExpectedConditions.java:882)
	at org.openqa.selenium.support.ui.ExpectedConditions.access$000(ExpectedConditions.java:44)
	at org.openqa.selenium.support.ui.ExpectedConditions$7.apply(ExpectedConditions.java:206)
	at org.openqa.selenium.support.ui.ExpectedConditions$7.apply(ExpectedConditions.java:202)
	at org.openqa.selenium.support.ui.ExpectedConditions$22.apply(ExpectedConditions.java:644)
	at org.openqa.selenium.support.ui.ExpectedConditions$22.apply(ExpectedConditions.java:641)
	at org.openqa.selenium.support.ui.FluentWait.until(FluentWait.java:209)
	... 21 more
... Removed 9 stack frames
</div> <!-- stack-trace -->
                </div> <!-- method-content -->
              </div> <!-- method -->
              <div class="method">
                <div class="method-content">
                  <a name="EndtoEndOrder([[K0120424, New, Ethernet &gt; Ethernet Line, New, , 4, St Stephens Street, Birmingham, United Kingdom,...)">
                  </a> <!-- EndtoEndOrder([[K0120424, New, Ethernet > Ethernet Line, New, , 4, St Stephens Street, Birmingham, United Kingdom,...) -->
                  <span class="method-name">EndtoEndOrder</span>
                  <span class="parameters">([[K0120424, New, Ethernet > Ethernet Line, New, , 4, St Stephens Street, Birmingham, United Kingdom, B6 4RG, 36-42, Alboinstraﬂe, Berlin, Germany, 12103, 2 Years, , 10 Gbps, Protected, Onnet, Onnet, , , , , 44 8882216537, 123566534, 2147483647, 120696, Quote Level > Percentage Off, 12, 12, Email, ashwanis@yopmail.com, ATest, BTest, No, null, Governance Approval 10-15 % End to End journey , Yes]])</span>
                  <div class="stack-trace">org.openqa.selenium.TimeoutException: Expected condition failed: waiting for element to be clickable: By.xpath: (//*[@id=&apos;onNetA&apos;]/table/tbody/tr[2]/td[1]/input)[1] (tried for 60 second(s) with 1000 MILLISECONDS interval)
	at org.openqa.selenium.support.ui.FluentWait.timeoutException(FluentWait.java:264)
	at org.openqa.selenium.support.ui.FluentWait.until(FluentWait.java:232)
	at Driver.DriverHelper.WaitforElementtobeclickable(DriverHelper.java:185)
	at ScriptHelper.ConfigurationHelper.Selectconnectivity(ConfigurationHelper.java:95)
	at ScriptHelper.ConfigurationHelper.ConfigureProduct(ConfigurationHelper.java:1154)
	at ScriptHelper.ConfigurationHelper.AddFamilyProduct(ConfigurationHelper.java:50)
	at ScriptHelper.ConfigurationHelper.AddProduct(ConfigurationHelper.java:1819)
	at Testscript.StandardOrderOnnet.EndtoEndOrder(StandardOrderOnnet.java:24)
	at java.base/java.util.concurrent.FutureTask.run(FutureTask.java:264)
	at java.base/java.util.concurrent.Executors$RunnableAdapter.call(Executors.java:515)
	at java.base/java.util.concurrent.FutureTask.run(FutureTask.java:264)
	at java.base/java.util.concurrent.ThreadPoolExecutor.runWorker(ThreadPoolExecutor.java:1128)
	at java.base/java.util.concurrent.ThreadPoolExecutor$Worker.run(ThreadPoolExecutor.java:628)
	at java.base/java.lang.Thread.run(Thread.java:835)
Caused by: org.openqa.selenium.NoSuchElementException: Cannot locate an element using By.xpath: (//*[@id=&apos;onNetA&apos;]/table/tbody/tr[2]/td[1]/input)[1]
For documentation on this error, please visit: http://seleniumhq.org/exceptions/no_such_element.html
Build info: version: &apos;3.4.0&apos;, revision: &apos;unknown&apos;, time: &apos;unknown&apos;
System info: host: &apos;360NDCPC074&apos;, ip: &apos;10.148.1.14&apos;, os.name: &apos;Windows 10&apos;, os.arch: &apos;amd64&apos;, os.version: &apos;10.0&apos;, java.version: &apos;12.0.1&apos;
Driver info: driver.version: unknown
	at org.openqa.selenium.support.ui.ExpectedConditions.lambda$findElement$0(ExpectedConditions.java:883)
	at java.base/java.util.Optional.orElseThrow(Optional.java:408)
	at org.openqa.selenium.support.ui.ExpectedConditions.findElement(ExpectedConditions.java:882)
	at org.openqa.selenium.support.ui.ExpectedConditions.access$000(ExpectedConditions.java:44)
	at org.openqa.selenium.support.ui.ExpectedConditions$7.apply(ExpectedConditions.java:206)
	at org.openqa.selenium.support.ui.ExpectedConditions$7.apply(ExpectedConditions.java:202)
	at org.openqa.selenium.support.ui.ExpectedConditions$22.apply(ExpectedConditions.java:644)
	at org.openqa.selenium.support.ui.ExpectedConditions$22.apply(ExpectedConditions.java:641)
	at org.openqa.selenium.support.ui.FluentWait.until(FluentWait.java:209)
	... 21 more
... Removed 9 stack frames
</div> <!-- stack-trace -->
                </div> <!-- method-content -->
              </div> <!-- method -->
              <div class="method">
                <div class="method-content">
                  <a name="EndtoEndOrder([[K0120424, New, Ethernet &gt; Ethernet Line, New, , 3, Julius-Tandler-Platz, Wien, Austria, Wien, 1090...)">
                  </a> <!-- EndtoEndOrder([[K0120424, New, Ethernet > Ethernet Line, New, , 3, Julius-Tandler-Platz, Wien, Austria, Wien, 1090...) -->
                  <span class="method-name">EndtoEndOrder</span>
                  <span class="parameters">([[K0120424, New, Ethernet > Ethernet Line, New, , 3, Julius-Tandler-Platz, Wien, Austria, Wien, 1090, 16 Rue Friant Paris France, 1 Year, , 40 Gbps, Unprotected, Onnet, Onnet, , , BeSpoke, , 44 8882216537, 123566534, 2147483647, 120696, , , , Email, ashwanis@yopmail.com, ATest, BTest, No, null, Governanace, Yes], [, , Ethernet > Ethernet Hub, New, , 19 Chemin lateral France, , 1 Year, , 100 Gbps, Protected, Onnet, Onnet, , , , , 44 8882216537, 123566534, 2147483647, 120696, , , , , ashwanis@yopmail.com, ATest, BTest, No, null, , ]])</span>
                  <div class="stack-trace">org.openqa.selenium.TimeoutException: Expected condition failed: waiting for element to be clickable: By.xpath: (//div[text()=&apos;On-Net&apos;])[1] (tried for 60 second(s) with 1000 MILLISECONDS interval)
	at org.openqa.selenium.support.ui.FluentWait.timeoutException(FluentWait.java:264)
	at org.openqa.selenium.support.ui.FluentWait.until(FluentWait.java:232)
	at Driver.DriverHelper.WaitforElementtobeclickable(DriverHelper.java:185)
	at ScriptHelper.ConfigurationHelper.Selectconnectivity(ConfigurationHelper.java:89)
	at ScriptHelper.ConfigurationHelper.ConfigureProduct(ConfigurationHelper.java:1266)
	at ScriptHelper.ConfigurationHelper.AddFamilyProduct(ConfigurationHelper.java:50)
	at ScriptHelper.ConfigurationHelper.AddProduct(ConfigurationHelper.java:1819)
	at Testscript.StandardOrderOnnet.EndtoEndOrder(StandardOrderOnnet.java:24)
	at java.base/java.util.concurrent.FutureTask.run(FutureTask.java:264)
	at java.base/java.util.concurrent.Executors$RunnableAdapter.call(Executors.java:515)
	at java.base/java.util.concurrent.FutureTask.run(FutureTask.java:264)
	at java.base/java.util.concurrent.ThreadPoolExecutor.runWorker(ThreadPoolExecutor.java:1128)
	at java.base/java.util.concurrent.ThreadPoolExecutor$Worker.run(ThreadPoolExecutor.java:628)
	at java.base/java.lang.Thread.run(Thread.java:835)
Caused by: org.openqa.selenium.NoSuchElementException: Cannot locate an element using By.xpath: (//div[text()=&apos;On-Net&apos;])[1]
For documentation on this error, please visit: http://seleniumhq.org/exceptions/no_such_element.html
Build info: version: &apos;3.4.0&apos;, revision: &apos;unknown&apos;, time: &apos;unknown&apos;
System info: host: &apos;360NDCPC074&apos;, ip: &apos;10.148.1.14&apos;, os.name: &apos;Windows 10&apos;, os.arch: &apos;amd64&apos;, os.version: &apos;10.0&apos;, java.version: &apos;12.0.1&apos;
Driver info: driver.version: unknown
	at org.openqa.selenium.support.ui.ExpectedConditions.lambda$findElement$0(ExpectedConditions.java:883)
	at java.base/java.util.Optional.orElseThrow(Optional.java:408)
	at org.openqa.selenium.support.ui.ExpectedConditions.findElement(ExpectedConditions.java:882)
	at org.openqa.selenium.support.ui.ExpectedConditions.access$000(ExpectedConditions.java:44)
	at org.openqa.selenium.support.ui.ExpectedConditions$7.apply(ExpectedConditions.java:206)
	at org.openqa.selenium.support.ui.ExpectedConditions$7.apply(ExpectedConditions.java:202)
	at org.openqa.selenium.support.ui.ExpectedConditions$22.apply(ExpectedConditions.java:644)
	at org.openqa.selenium.support.ui.ExpectedConditions$22.apply(ExpectedConditions.java:641)
	at org.openqa.selenium.support.ui.FluentWait.until(FluentWait.java:209)
	... 21 more
... Removed 9 stack frames
</div> <!-- stack-trace -->
                </div> <!-- method-content -->
              </div> <!-- method -->
              <div class="method">
                <div class="method-content">
                  <a name="EndtoEndOrder([[K0120424, New, Ethernet &gt; Ethernet Line, , , 5,Columbiadamm,Berlin,Germany,10965, 36-42, Alboinstr...)">
                  </a> <!-- EndtoEndOrder([[K0120424, New, Ethernet > Ethernet Line, , , 5,Columbiadamm,Berlin,Germany,10965, 36-42, Alboinstr...) -->
                  <span class="method-name">EndtoEndOrder</span>
                  <span class="parameters">([[K0120424, New, Ethernet > Ethernet Line, , , 5,Columbiadamm,Berlin,Germany,10965, 36-42, Alboinstraﬂe, Berlin, Germany, 12103, 2 Years, , 1 Gbps, Protected, Manual Nearnet, Manual Nearnet, , Approve, , , 44 8882216537, 123566534, 2147483647, 120696, , , , Email, ashwanis@yopmail.com, ATest, BTest, No, null, All CPQ-Explore integrations(Scenario 28), Yes]])</span>
                  <div class="stack-trace">org.openqa.selenium.NoSuchElementException: Cannot locate element with text: REQUEST MANUAL NEARNET
For documentation on this error, please visit: http://seleniumhq.org/exceptions/no_such_element.html
Build info: version: &apos;3.4.0&apos;, revision: &apos;unknown&apos;, time: &apos;unknown&apos;
System info: host: &apos;360NDCPC074&apos;, ip: &apos;10.148.1.14&apos;, os.name: &apos;Windows 10&apos;, os.arch: &apos;amd64&apos;, os.version: &apos;10.0&apos;, java.version: &apos;12.0.1&apos;
Driver info: driver.version: unknown
	at org.openqa.selenium.support.ui.Select.selectByVisibleText(Select.java:151)
	at Driver.DriverHelper.Select(DriverHelper.java:823)
	at ScriptHelper.ConfigurationHelper.Selectconnectivity(ConfigurationHelper.java:327)
	at ScriptHelper.ConfigurationHelper.ConfigureProduct(ConfigurationHelper.java:1154)
	at ScriptHelper.ConfigurationHelper.AddFamilyProduct(ConfigurationHelper.java:50)
	at ScriptHelper.ConfigurationHelper.AddProduct(ConfigurationHelper.java:1819)
	at Testscript.StandardOrderOnnet.EndtoEndOrder(StandardOrderOnnet.java:24)
	at java.base/java.util.concurrent.FutureTask.run(FutureTask.java:264)
	at java.base/java.util.concurrent.Executors$RunnableAdapter.call(Executors.java:515)
	at java.base/java.util.concurrent.FutureTask.run(FutureTask.java:264)
	at java.base/java.util.concurrent.ThreadPoolExecutor.runWorker(ThreadPoolExecutor.java:1128)
	at java.base/java.util.concurrent.ThreadPoolExecutor$Worker.run(ThreadPoolExecutor.java:628)
	at java.base/java.lang.Thread.run(Thread.java:835)
... Removed 9 stack frames
</div> <!-- stack-trace -->
                </div> <!-- method-content -->
              </div> <!-- method -->
              <div class="method">
                <div class="method-content">
                  <a name="EndtoEndOrder([[K0120424, New, Ethernet &gt; Ethernet Line, , , 5, Via Anna Kuliscioff, Milano, Italy, 20152, 20, Via...)">
                  </a> <!-- EndtoEndOrder([[K0120424, New, Ethernet > Ethernet Line, , , 5, Via Anna Kuliscioff, Milano, Italy, 20152, 20, Via...) -->
                  <span class="method-name">EndtoEndOrder</span>
                  <span class="parameters">([[K0120424, New, Ethernet > Ethernet Line, , , 5, Via Anna Kuliscioff, Milano, Italy, 20152, 20, Viale Della Pittura, Roma, Italy, 00144, 1 Year, , 1 Gbps, Unprotected, Onnet, Onnet, , , , , 44 8882216537, 123566534, 2147483647, 120696, , , , E-Signature, ashwanis@yopmail.com, ATest, BTest, No, null, PPT Journey(Scenario 19), Yes]])</span>
                  <div class="stack-trace">org.openqa.selenium.TimeoutException: Expected condition failed: waiting for element to be clickable: By.xpath: //span[text()=&apos;CUSTOMER SIGNATURE&apos;] (tried for 60 second(s) with 1000 MILLISECONDS interval)
	at org.openqa.selenium.support.ui.FluentWait.timeoutException(FluentWait.java:264)
	at org.openqa.selenium.support.ui.FluentWait.until(FluentWait.java:232)
	at Driver.DriverHelper.WaitforElementtobeclickable(DriverHelper.java:185)
	at ScriptHelper.C4CHelper.CheckdocumentSigned(C4CHelper.java:358)
	at Testscript.StandardOrderOnnet.EndtoEndOrder(StandardOrderOnnet.java:93)
	at java.base/java.util.concurrent.FutureTask.run(FutureTask.java:264)
	at java.base/java.util.concurrent.Executors$RunnableAdapter.call(Executors.java:515)
	at java.base/java.util.concurrent.FutureTask.run(FutureTask.java:264)
	at java.base/java.util.concurrent.ThreadPoolExecutor.runWorker(ThreadPoolExecutor.java:1128)
	at java.base/java.util.concurrent.ThreadPoolExecutor$Worker.run(ThreadPoolExecutor.java:628)
	at java.base/java.lang.Thread.run(Thread.java:835)
Caused by: org.openqa.selenium.NoSuchElementException: Cannot locate an element using By.xpath: //span[text()=&apos;CUSTOMER SIGNATURE&apos;]
For documentation on this error, please visit: http://seleniumhq.org/exceptions/no_such_element.html
Build info: version: &apos;3.4.0&apos;, revision: &apos;unknown&apos;, time: &apos;unknown&apos;
System info: host: &apos;360NDCPC074&apos;, ip: &apos;10.148.1.14&apos;, os.name: &apos;Windows 10&apos;, os.arch: &apos;amd64&apos;, os.version: &apos;10.0&apos;, java.version: &apos;12.0.1&apos;
Driver info: driver.version: unknown
	at org.openqa.selenium.support.ui.ExpectedConditions.lambda$findElement$0(ExpectedConditions.java:883)
	at java.base/java.util.Optional.orElseThrow(Optional.java:408)
	at org.openqa.selenium.support.ui.ExpectedConditions.findElement(ExpectedConditions.java:882)
	at org.openqa.selenium.support.ui.ExpectedConditions.access$000(ExpectedConditions.java:44)
	at org.openqa.selenium.support.ui.ExpectedConditions$7.apply(ExpectedConditions.java:206)
	at org.openqa.selenium.support.ui.ExpectedConditions$7.apply(ExpectedConditions.java:202)
	at org.openqa.selenium.support.ui.ExpectedConditions$22.apply(ExpectedConditions.java:644)
	at org.openqa.selenium.support.ui.ExpectedConditions$22.apply(ExpectedConditions.java:641)
	at org.openqa.selenium.support.ui.FluentWait.until(FluentWait.java:209)
	... 18 more
... Removed 9 stack frames
</div> <!-- stack-trace -->
                </div> <!-- method-content -->
              </div> <!-- method -->
            </div> <!-- main-panel-content rounded-window-bottom -->
          </div> <!-- suite-CPQ_End_to_End_Order-class-failed -->
        </div> <!-- panel CPQ_End_to_End_Order -->
        <div panel-name="test-xml-CPQ_End_to_End_Order" class="panel">
          <div class="main-panel-header rounded-window-top">
            <span class="header-content">C:\Users\ashwanis\git\CPQ\Suites\NewStandardOrder.xml</span>
          </div> <!-- main-panel-header rounded-window-top -->
          <div class="main-panel-content rounded-window-bottom">
            <pre>
&lt;?xml version=&quot;1.0&quot; encoding=&quot;UTF-8&quot;?&gt;
&lt;!DOCTYPE suite SYSTEM &quot;http://testng.org/testng-1.0.dtd&quot;&gt;
&lt;suite thread-count=&quot;1&quot; data-provider-thread-count=&quot;3&quot; name=&quot;CPQ End to End Order&quot;&gt;
  &lt;listeners&gt;
    &lt;listener class-name=&quot;Listeners.TestListener&quot;/&gt;
    &lt;listener class-name=&quot;Listeners.AnnotationTransformer&quot;/&gt;
  &lt;/listeners&gt;
  &lt;test name=&quot;CPQ End to End Order&quot;&gt;
    &lt;classes&gt;
      &lt;class name=&quot;Testscript.StandardOrderOnnet&quot;&gt;
        &lt;methods&gt;
          &lt;include name=&quot;EndtoEndOrder&quot;/&gt;
        &lt;/methods&gt;
      &lt;/class&gt; &lt;!-- Testscript.StandardOrderOnnet --&gt;
    &lt;/classes&gt;
  &lt;/test&gt; &lt;!-- CPQ End to End Order --&gt;
&lt;/suite&gt; &lt;!-- CPQ End to End Order --&gt;
            </pre>
          </div> <!-- main-panel-content rounded-window-bottom -->
        </div> <!-- panel -->
        <div panel-name="testlist-CPQ_End_to_End_Order" class="panel">
          <div class="main-panel-header rounded-window-top">
            <span class="header-content">Tests for CPQ End to End Order</span>
          </div> <!-- main-panel-header rounded-window-top -->
          <div class="main-panel-content rounded-window-bottom">
            <ul>
              <li>
                <span class="test-name">CPQ End to End Order (1 class)</span>
              </li>
            </ul>
          </div> <!-- main-panel-content rounded-window-bottom -->
        </div> <!-- panel -->
        <div panel-name="group-CPQ_End_to_End_Order" class="panel">
          <div class="main-panel-header rounded-window-top">
            <span class="header-content">Groups for CPQ End to End Order</span>
          </div> <!-- main-panel-header rounded-window-top -->
          <div class="main-panel-content rounded-window-bottom">
          </div> <!-- main-panel-content rounded-window-bottom -->
        </div> <!-- panel -->
        <div panel-name="times-CPQ_End_to_End_Order" class="panel">
          <div class="main-panel-header rounded-window-top">
            <span class="header-content">Times for CPQ End to End Order</span>
          </div> <!-- main-panel-header rounded-window-top -->
          <div class="main-panel-content rounded-window-bottom">
            <div class="times-div">
              <script type="text/javascript">
suiteTableInitFunctions.push('tableData_CPQ_End_to_End_Order');
function tableData_CPQ_End_to_End_Order() {
var data = new google.visualization.DataTable();
data.addColumn('number', 'Number');
data.addColumn('string', 'Method');
data.addColumn('string', 'Class');
data.addColumn('number', 'Time (ms)');
data.addRows(7);
data.setCell(0, 0, 0)
data.setCell(0, 1, 'EndtoEndOrder')
data.setCell(0, 2, 'Testscript.StandardOrderOnnet')
data.setCell(0, 3, 1808713);
data.setCell(1, 0, 1)
data.setCell(1, 1, 'EndtoEndOrder')
data.setCell(1, 2, 'Testscript.StandardOrderOnnet')
data.setCell(1, 3, 840398);
data.setCell(2, 0, 2)
data.setCell(2, 1, 'EndtoEndOrder')
data.setCell(2, 2, 'Testscript.StandardOrderOnnet')
data.setCell(2, 3, 750752);
data.setCell(3, 0, 3)
data.setCell(3, 1, 'EndtoEndOrder')
data.setCell(3, 2, 'Testscript.StandardOrderOnnet')
data.setCell(3, 3, 694087);
data.setCell(4, 0, 4)
data.setCell(4, 1, 'EndtoEndOrder')
data.setCell(4, 2, 'Testscript.StandardOrderOnnet')
data.setCell(4, 3, 680844);
data.setCell(5, 0, 5)
data.setCell(5, 1, 'EndtoEndOrder')
data.setCell(5, 2, 'Testscript.StandardOrderOnnet')
data.setCell(5, 3, 673419);
data.setCell(6, 0, 6)
data.setCell(6, 1, 'EndtoEndOrder')
data.setCell(6, 2, 'Testscript.StandardOrderOnnet')
data.setCell(6, 3, 123228);
window.suiteTableData['CPQ_End_to_End_Order']= { tableData: data, tableDiv: 'times-div-CPQ_End_to_End_Order'}
return data;
}
              </script>
              <span class="suite-total-time">Total running time: 1 hours</span>
              <div id="times-div-CPQ_End_to_End_Order">
              </div> <!-- times-div-CPQ_End_to_End_Order -->
            </div> <!-- times-div -->
          </div> <!-- main-panel-content rounded-window-bottom -->
        </div> <!-- panel -->
        <div panel-name="reporter-CPQ_End_to_End_Order" class="panel">
          <div class="main-panel-header rounded-window-top">
            <span class="header-content">Reporter output for CPQ End to End Order</span>
          </div> <!-- main-panel-header rounded-window-top -->
          <div class="main-panel-content rounded-window-bottom">
          </div> <!-- main-panel-content rounded-window-bottom -->
        </div> <!-- panel -->
        <div panel-name="ignored-methods-CPQ_End_to_End_Order" class="panel">
          <div class="main-panel-header rounded-window-top">
            <span class="header-content">1 ignored method</span>
          </div> <!-- main-panel-header rounded-window-top -->
          <div class="main-panel-content rounded-window-bottom">
            <div class="ignored-class-div">
              <span class="ignored-class-name">Testscript.StandardOrderOnnet</span>
              <div class="ignored-methods-div">
                <span class="ignored-method-name">EndtoEndOrderContainerNew</span>
                <br/>
              </div> <!-- ignored-methods-div -->
            </div> <!-- ignored-class-div -->
          </div> <!-- main-panel-content rounded-window-bottom -->
        </div> <!-- panel -->
        <div panel-name="chronological-CPQ_End_to_End_Order" class="panel">
          <div class="main-panel-header rounded-window-top">
            <span class="header-content">Methods in chronological order</span>
          </div> <!-- main-panel-header rounded-window-top -->
          <div class="main-panel-content rounded-window-bottom">
            <div class="chronological-class">
              <div class="chronological-class-name">Testscript.StandardOrderOnnet</div> <!-- chronological-class-name -->
              <div class="configuration-suite before">
                <span class="method-name">BeforeSuite</span>
                <span class="method-start">0 ms</span>
              </div> <!-- configuration-suite before -->
              <div class="configuration-method before">
                <span class="method-name">BeforeMethod(public void Testscript.StandardOrderOnnet.EndtoEndOrder(java.lang.Object[][]) throws java.lang.Excep...)</span>
                <span class="method-start">1041 ms</span>
              </div> <!-- configuration-method before -->
              <div class="configuration-method before">
                <span class="method-name">BeforeMethod(public void Testscript.StandardOrderOnnet.EndtoEndOrder(java.lang.Object[][]) throws java.lang.Excep...)</span>
                <span class="method-start">1041 ms</span>
              </div> <!-- configuration-method before -->
              <div class="configuration-method before">
                <span class="method-name">BeforeMethod(public void Testscript.StandardOrderOnnet.EndtoEndOrder(java.lang.Object[][]) throws java.lang.Excep...)</span>
                <span class="method-start">1041 ms</span>
              </div> <!-- configuration-method before -->
              <div class="test-method">
                <img src="failed.png">
                </img>
                <span class="method-name">EndtoEndOrder([[K0120424, New, Ethernet > Ethernet Line, New, , 4, St Stephens Street, Birmingham, United Kingdom,...)</span>
                <span class="method-start">14189 ms</span>
              </div> <!-- test-method -->
              <div class="test-method">
                <img src="failed.png">
                </img>
                <span class="method-name">EndtoEndOrder([[K0120424, New, Ethernet > Ethernet Hub, , , 222, Avenida da Liberdade, Lisboa, Portugal, Lisboa, 1...)</span>
                <span class="method-start">14189 ms</span>
              </div> <!-- test-method -->
              <div class="test-method">
                <img src="failed.png">
                </img>
                <span class="method-name">EndtoEndOrder([[3795623, New, Ethernet > Ethernet Line, New, , 3, Julius-Tandler-Platz, Wien, Austria, Wien, 1090,...)</span>
                <span class="method-start">15645 ms</span>
              </div> <!-- test-method -->
              <div class="configuration-method after">
                <span class="method-name">Teardown2</span>
                <span class="method-start">688288 ms</span>
              </div> <!-- configuration-method after -->
              <div class="configuration-method before">
                <span class="method-name">BeforeMethod(public void Testscript.StandardOrderOnnet.EndtoEndOrder(java.lang.Object[][]) throws java.lang.Excep...)</span>
                <span class="method-start">688289 ms</span>
              </div> <!-- configuration-method before -->
              <div class="test-method">
                <img src="failed.png">
                </img>
                <span class="method-name">EndtoEndOrder([[K0120424, New, Ethernet > Ethernet Line, New, , 3, Julius-Tandler-Platz, Wien, Austria, Wien, 1090...)</span>
                <span class="method-start">699113 ms</span>
              </div> <!-- test-method -->
              <div class="configuration-method before">
                <span class="method-name">BeforeMethod(public void Testscript.StandardOrderOnnet.EndtoEndOrder(java.lang.Object[][]) throws java.lang.Excep...)</span>
                <span class="method-start">710406 ms</span>
              </div> <!-- configuration-method before -->
              <div class="configuration-method after">
                <span class="method-name">Teardown2</span>
                <span class="method-start">710406 ms</span>
              </div> <!-- configuration-method after -->
              <div class="test-method">
                <img src="failed.png">
                </img>
                <span class="method-name">EndtoEndOrder([[K0120424, New, Ethernet > Ethernet Line, , , 5,Columbiadamm,Berlin,Germany,10965, 36-42, Alboinstr...)</span>
                <span class="method-start">721863 ms</span>
              </div> <!-- test-method -->
              <div class="configuration-method after">
                <span class="method-name">Teardown2</span>
                <span class="method-start">765609 ms</span>
              </div> <!-- configuration-method after -->
              <div class="configuration-method before">
                <span class="method-name">BeforeMethod(public void Testscript.StandardOrderOnnet.EndtoEndOrder(java.lang.Object[][]) throws java.lang.Excep...)</span>
                <span class="method-start">765610 ms</span>
              </div> <!-- configuration-method before -->
              <div class="test-method">
                <img src="failed.png">
                </img>
                <span class="method-name">EndtoEndOrder([[K0120424, New, Ethernet > Ethernet Line, , , 3, Julius-Tandler-Platz, Wien, Austria, Wien, 1090, 1...)</span>
                <span class="method-start">777134 ms</span>
              </div> <!-- test-method -->
              <div class="configuration-method before">
                <span class="method-name">BeforeMethod(public void Testscript.StandardOrderOnnet.EndtoEndOrder(java.lang.Object[][]) throws java.lang.Excep...)</span>
                <span class="method-start">901965 ms</span>
              </div> <!-- configuration-method before -->
              <div class="configuration-method after">
                <span class="method-name">Teardown2</span>
                <span class="method-start">901965 ms</span>
              </div> <!-- configuration-method after -->
              <div class="test-method">
                <img src="failed.png">
                </img>
                <span class="method-name">EndtoEndOrder([[K0120424, New, Ethernet > Ethernet Line, , , 5, Via Anna Kuliscioff, Milano, Italy, 20152, 20, Via...)</span>
                <span class="method-start">913651 ms</span>
              </div> <!-- test-method -->
              <div class="configuration-method after">
                <span class="method-name">Teardown2</span>
                <span class="method-start">1403457 ms</span>
              </div> <!-- configuration-method after -->
              <div class="configuration-method after">
                <span class="method-name">Teardown2</span>
                <span class="method-start">1540147 ms</span>
              </div> <!-- configuration-method after -->
              <div class="configuration-method after">
                <span class="method-name">Teardown2</span>
                <span class="method-start">2722722 ms</span>
              </div> <!-- configuration-method after -->
              <div class="configuration-test after">
                <span class="method-name">Teardown</span>
                <span class="method-start">2722754 ms</span>
              </div> <!-- configuration-test after -->
          </div> <!-- main-panel-content rounded-window-bottom -->
        </div> <!-- panel -->
      </div> <!-- main-panel-root -->
    </div> <!-- wrapper -->
  </body>
</html>
