<?xml version="1.0" encoding="UTF-8"?>
<testng-results skipped="0" failed="1" total="1" passed="0">
  <reporter-output>
  </reporter-output>
  <suite name="CPQ End to End Order" duration-ms="610785" started-at="2019-06-16T04:33:02Z" finished-at="2019-06-16T04:43:12Z">
    <groups>
    </groups>
    <test name="CPQ End to End Order" duration-ms="610785" started-at="2019-06-16T04:33:02Z" finished-at="2019-06-16T04:43:12Z">
      <class name="Testscript.StandardOrderOnnet">
        <test-method status="PASS" signature="BeforeSuite()[pri:0, instance:Testscript.StandardOrderOnnet@58651fd0]" name="BeforeSuite" is-config="true" duration-ms="197" started-at="2019-06-16T10:03:01Z" finished-at="2019-06-16T10:03:02Z">
          <reporter-output>
          </reporter-output>
        </test-method> <!-- BeforeSuite -->
        <test-method status="PASS" signature="BeforeMethod(java.lang.reflect.Method, org.testng.ITestContext, [Ljava.lang.Object;)[pri:0, instance:Testscript.StandardOrderOnnet@58651fd0]" name="BeforeMethod" is-config="true" duration-ms="12078" started-at="2019-06-16T10:03:03Z" finished-at="2019-06-16T10:03:15Z">
          <params>
            <param index="0">
              <value>
                <![CDATA[public void Testscript.StandardOrderOnnet.EndtoEndOrder(java.lang.Object[][]) throws java.lang.Exception]]>
              </value>
            </param>
            <param index="1">
              <value>
                <![CDATA[org.testng.TestRunner@29d6b9eb]]>
              </value>
            </param>
            <param index="2">
              <value>
                <![CDATA[[Ljava.lang.Object;@6a944699]]>
              </value>
            </param>
          </params>
          <reporter-output>
          </reporter-output>
        </test-method> <!-- BeforeMethod -->
        <test-method status="FAIL" signature="EndtoEndOrder([[Ljava.lang.Object;)[pri:0, instance:Testscript.StandardOrderOnnet@58651fd0]" name="EndtoEndOrder" duration-ms="596511" started-at="2019-06-16T10:03:15Z" data-provider="NewStandrdOrder" finished-at="2019-06-16T10:13:12Z">
          <params>
            <param index="0">
              <value>
                <![CDATA[[[Ljava.lang.Object;@1c873f42]]>
              </value>
            </param>
          </params>
          <exception class="org.openqa.selenium.NoSuchElementException">
            <message>
              <![CDATA[Cannot locate element with text: UPDATE SELECTED REQUEST
For documentation on this error, please visit: http://seleniumhq.org/exceptions/no_such_element.html
Build info: version: '3.4.0', revision: 'unknown', time: 'unknown'
System info: host: '360NDCLP119', ip: '172.26.44.65', os.name: 'Windows 10', os.arch: 'amd64', os.version: '10.0', java.version: '1.8.0_162'
Driver info: driver.version: unknown]]>
            </message>
            <full-stacktrace>
              <![CDATA[org.openqa.selenium.NoSuchElementException: Cannot locate element with text: UPDATE SELECTED REQUEST
For documentation on this error, please visit: http://seleniumhq.org/exceptions/no_such_element.html
Build info: version: '3.4.0', revision: 'unknown', time: 'unknown'
System info: host: '360NDCLP119', ip: '172.26.44.65', os.name: 'Windows 10', os.arch: 'amd64', os.version: '10.0', java.version: '1.8.0_162'
Driver info: driver.version: unknown
	at org.openqa.selenium.support.ui.Select.selectByVisibleText(Select.java:151)
	at Driver.DriverHelper.Select(DriverHelper.java:748)
	at ScriptHelper.ConfigurationHelper.Selectconnectivity(ConfigurationHelper.java:748)
	at ScriptHelper.ConfigurationHelper.ReconfigureAgain(ConfigurationHelper.java:1790)
	at Testscript.StandardOrderOnnet.EndtoEndOrder(StandardOrderOnnet.java:37)
	at sun.reflect.NativeMethodAccessorImpl.invoke0(Native Method)
	at sun.reflect.NativeMethodAccessorImpl.invoke(NativeMethodAccessorImpl.java:62)
	at sun.reflect.DelegatingMethodAccessorImpl.invoke(DelegatingMethodAccessorImpl.java:43)
	at java.lang.reflect.Method.invoke(Method.java:498)
	at org.testng.internal.MethodInvocationHelper.invokeMethod(MethodInvocationHelper.java:84)
	at org.testng.internal.Invoker.invokeMethod(Invoker.java:714)
	at org.testng.internal.Invoker.invokeTestMethod(Invoker.java:901)
	at org.testng.internal.Invoker.invokeTestMethods(Invoker.java:1231)
	at org.testng.internal.TestMethodWorker.invokeTestMethods(TestMethodWorker.java:127)
	at org.testng.internal.TestMethodWorker.run(TestMethodWorker.java:111)
	at org.testng.TestRunner.privateRun(TestRunner.java:767)
	at org.testng.TestRunner.run(TestRunner.java:617)
	at org.testng.SuiteRunner.runTest(SuiteRunner.java:334)
	at org.testng.SuiteRunner.runSequentially(SuiteRunner.java:329)
	at org.testng.SuiteRunner.privateRun(SuiteRunner.java:291)
	at org.testng.SuiteRunner.run(SuiteRunner.java:240)
	at org.testng.SuiteRunnerWorker.runSuite(SuiteRunnerWorker.java:52)
	at org.testng.SuiteRunnerWorker.run(SuiteRunnerWorker.java:86)
	at org.testng.TestNG.runSuitesSequentially(TestNG.java:1224)
	at org.testng.TestNG.runSuitesLocally(TestNG.java:1149)
	at org.testng.TestNG.run(TestNG.java:1057)
	at org.testng.remote.AbstractRemoteTestNG.run(AbstractRemoteTestNG.java:115)
	at org.testng.remote.RemoteTestNG.initAndRun(RemoteTestNG.java:251)
	at org.testng.remote.RemoteTestNG.main(RemoteTestNG.java:77)
]]>
            </full-stacktrace>
          </exception> <!-- org.openqa.selenium.NoSuchElementException -->
          <reporter-output>
          </reporter-output>
        </test-method> <!-- EndtoEndOrder -->
        <test-method status="PASS" signature="Teardown2()[pri:0, instance:Testscript.StandardOrderOnnet@58651fd0]" name="Teardown2" is-config="true" duration-ms="0" started-at="2019-06-16T10:13:12Z" finished-at="2019-06-16T10:13:12Z">
          <reporter-output>
          </reporter-output>
        </test-method> <!-- Teardown2 -->
        <test-method status="PASS" signature="Teardown()[pri:0, instance:Testscript.StandardOrderOnnet@58651fd0]" name="Teardown" is-config="true" duration-ms="0" started-at="2019-06-16T10:13:12Z" finished-at="2019-06-16T10:13:12Z">
          <reporter-output>
          </reporter-output>
        </test-method> <!-- Teardown -->
      </class> <!-- Testscript.StandardOrderOnnet -->
    </test> <!-- CPQ End to End Order -->
  </suite> <!-- CPQ End to End Order -->
</testng-results>
